<?xml version="1.0" encoding="UTF-8"?>
<testng-results total="6" passed="6" failed="0" skipped="0">
  <reporter-output>
  </reporter-output>
  <suite started-at="2022-04-05T18:02:14Z" name="Users" finished-at="2022-04-05T18:02:30Z" duration-ms="16087">
    <groups>
    </groups>
    <test started-at="2022-04-05T18:02:14Z" name="Users" finished-at="2022-04-05T18:02:30Z" duration-ms="16087">
      <class name="test.java.tests.Users">
        <test-method is-config="true" signature="setup()[pri:0, instance:test.java.tests.Users@26b3fd41]" started-at="2022-04-05T15:02:14Z" name="setup" finished-at="2022-04-05T15:02:15Z" duration-ms="531" status="PASS">
          <reporter-output>
          </reporter-output>
        </test-method> <!-- setup -->
        <test-method signature="createUser()[pri:0, instance:test.java.tests.Users@26b3fd41]" started-at="2022-04-05T15:02:15Z" name="createUser" finished-at="2022-04-05T15:02:21Z" duration-ms="6278" status="PASS">
          <reporter-output>
          </reporter-output>
        </test-method> <!-- createUser -->
        <test-method signature="deleteUser()[pri:0, instance:test.java.tests.Users@26b3fd41]" started-at="2022-04-05T15:02:21Z" name="deleteUser" finished-at="2022-04-05T15:02:23Z" duration-ms="1351" status="PASS">
          <reporter-output>
          </reporter-output>
        </test-method> <!-- deleteUser -->
        <test-method signature="editUser()[pri:0, instance:test.java.tests.Users@26b3fd41]" started-at="2022-04-05T15:02:23Z" name="editUser" finished-at="2022-04-05T15:02:27Z" duration-ms="3946" status="PASS">
          <reporter-output>
          </reporter-output>
        </test-method> <!-- editUser -->
        <test-method signature="searchAllUsers()[pri:0, instance:test.java.tests.Users@26b3fd41]" started-at="2022-04-05T15:02:27Z" name="searchAllUsers" finished-at="2022-04-05T15:02:28Z" duration-ms="1299" status="PASS">
          <reporter-output>
          </reporter-output>
        </test-method> <!-- searchAllUsers -->
        <test-method signature="searchExistentUser()[pri:0, instance:test.java.tests.Users@26b3fd41]" started-at="2022-04-05T15:02:28Z" name="searchExistentUser" finished-at="2022-04-05T15:02:29Z" duration-ms="1325" status="PASS">
          <reporter-output>
          </reporter-output>
        </test-method> <!-- searchExistentUser -->
        <test-method signature="searchNonexistentUser(int, java.lang.String)[pri:0, instance:test.java.tests.Users@26b3fd41]" started-at="2022-04-05T15:02:29Z" name="searchNonexistentUser" data-provider="dadosInvalidos" finished-at="2022-04-05T15:02:30Z" duration-ms="1272" status="PASS">
          <params>
            <param index="0">
              <value>
                <![CDATA[1000]]>
              </value>
            </param>
            <param index="1">
              <value>
                <![CDATA[Not Found]]>
              </value>
            </param>
          </params>
          <reporter-output>
          </reporter-output>
        </test-method> <!-- searchNonexistentUser -->
      </class> <!-- test.java.tests.Users -->
    </test> <!-- Users -->
  </suite> <!-- Users -->
</testng-results>
