<?xml version="1.0" encoding="UTF-8"?>
<testsuite name="TestSuite" time="15.472" tests="6" errors="0" skipped="0" failures="0">
  <properties>
[...]
</properties>
  <testcase name="createUser" classname="test.java.tests.Users" time="6.278"/>
  <testcase name="deleteUser" classname="test.java.tests.Users" time="1.351"/>
  <testcase name="editUser" classname="test.java.tests.Users" time="3.946"/>
  <testcase name="searchAllUsers" classname="test.java.tests.Users" time="1.299"/>
  <testcase name="searchExistentUser" classname="test.java.tests.Users" time="1.325"/>
  <testcase name="searchNonexistentUser" classname="test.java.tests.Users" time="1.273"/>
</testsuite>